<?xml version="1.0" encoding="UTF-8"?>
<testsuite xmlns:xsi="http://www.w3.org/2001/XMLSchema-instance" xsi:noNamespaceSchemaLocation="https://maven.apache.org/surefire/maven-surefire-plugin/xsd/surefire-test-report.xsd" name="org.tm.message.common.AppTest" time="0.004" tests="1" errors="0" skipped="0" failures="0">
  <properties>
    <property name="gopherProxySet" value="false"/>
    <property name="awt.toolkit" value="sun.lwawt.macosx.LWCToolkit"/>
    <property name="http.proxyHost" value="localhost"/>
    <property name="file.encoding.pkg" value="sun.io"/>
    <property name="java.specification.version" value="1.8"/>
    <property name="sun.cpu.isalist" value=""/>
    <property name="sun.jnu.encoding" value="UTF-8"/>
    <property name="java.class.path" value="/Users/joker/Java/oxygen_workspace/tm-message/tm-message-common/target/test-classes:/Users/joker/Java/oxygen_workspace/tm-message/tm-message-common/target/classes:/Users/joker/.m2/repository/junit/junit/3.8.1/junit-3.8.1.jar:/Users/joker/.m2/repository/com/rebuildtmall/tmall-micro-common/0.0.1-SNAPSHOT/tmall-micro-common-0.0.1-SNAPSHOT.jar:/Users/joker/.m2/repository/com/fasterxml/jackson/core/jackson-core/2.9.6/jackson-core-2.9.6.jar:/Users/joker/.m2/repository/com/fasterxml/jackson/core/jackson-databind/2.9.6/jackson-databind-2.9.6.jar:/Users/joker/.m2/repository/com/fasterxml/jackson/core/jackson-annotations/2.9.0/jackson-annotations-2.9.0.jar:/Users/joker/.m2/repository/org/springframework/spring-context/5.0.8.RELEASE/spring-context-5.0.8.RELEASE.jar:/Users/joker/.m2/repository/org/springframework/spring-aop/5.0.8.RELEASE/spring-aop-5.0.8.RELEASE.jar:/Users/joker/.m2/repository/org/springframework/spring-beans/5.0.8.RELEASE/spring-beans-5.0.8.RELEASE.jar:/Users/joker/.m2/repository/org/springframework/spring-expression/5.0.8.RELEASE/spring-expression-5.0.8.RELEASE.jar:/Users/joker/.m2/repository/org/springframework/spring-webmvc/5.0.8.RELEASE/spring-webmvc-5.0.8.RELEASE.jar:/Users/joker/.m2/repository/io/github/openfeign/feign-core/9.5.1/feign-core-9.5.1.jar:/Users/joker/.m2/repository/com/netflix/hystrix/hystrix-core/1.5.12/hystrix-core-1.5.12.jar:/Users/joker/.m2/repository/com/netflix/archaius/archaius-core/0.7.6/archaius-core-0.7.6.jar:/Users/joker/.m2/repository/com/google/code/findbugs/jsr305/3.0.1/jsr305-3.0.1.jar:/Users/joker/.m2/repository/commons-configuration/commons-configuration/1.8/commons-configuration-1.8.jar:/Users/joker/.m2/repository/com/google/guava/guava/16.0/guava-16.0.jar:/Users/joker/.m2/repository/io/reactivex/rxjava/1.3.8/rxjava-1.3.8.jar:/Users/joker/.m2/repository/org/hdrhistogram/HdrHistogram/2.1.9/HdrHistogram-2.1.9.jar:/Users/joker/.m2/repository/org/springframework/boot/spring-boot/2.0.4.RELEASE/spring-boot-2.0.4.RELEASE.jar:/Users/joker/.m2/repository/io/jsonwebtoken/jjwt/0.9.1/jjwt-0.9.1.jar:/Users/joker/.m2/repository/com/google/code/gson/gson/2.8.5/gson-2.8.5.jar:/Users/joker/.m2/repository/org/springframework/amqp/spring-rabbit/2.0.5.RELEASE/spring-rabbit-2.0.5.RELEASE.jar:/Users/joker/.m2/repository/org/springframework/amqp/spring-amqp/2.0.5.RELEASE/spring-amqp-2.0.5.RELEASE.jar:/Users/joker/.m2/repository/org/springframework/spring-messaging/5.0.8.RELEASE/spring-messaging-5.0.8.RELEASE.jar:/Users/joker/.m2/repository/org/springframework/spring-tx/5.0.8.RELEASE/spring-tx-5.0.8.RELEASE.jar:/Users/joker/.m2/repository/org/springframework/retry/spring-retry/1.2.2.RELEASE/spring-retry-1.2.2.RELEASE.jar:/Users/joker/.m2/repository/net/sf/json-lib/json-lib/2.4/json-lib-2.4-jdk15.jar:/Users/joker/.m2/repository/commons-beanutils/commons-beanutils/1.8.0/commons-beanutils-1.8.0.jar:/Users/joker/.m2/repository/commons-collections/commons-collections/3.2.1/commons-collections-3.2.1.jar:/Users/joker/.m2/repository/commons-lang/commons-lang/2.5/commons-lang-2.5.jar:/Users/joker/.m2/repository/commons-logging/commons-logging/1.1.1/commons-logging-1.1.1.jar:/Users/joker/.m2/repository/net/sf/ezmorph/ezmorph/1.0.6/ezmorph-1.0.6.jar:/Users/joker/.m2/repository/log4j/log4j/1.2.17/log4j-1.2.17.jar:/Users/joker/.m2/repository/redis/clients/jedis/2.9.0/jedis-2.9.0.jar:/Users/joker/.m2/repository/org/apache/commons/commons-pool2/2.5.0/commons-pool2-2.5.0.jar:/Users/joker/.m2/repository/commons-io/commons-io/2.4/commons-io-2.4.jar:/Users/joker/.m2/repository/org/springframework/cloud/spring-cloud-starter-openfeign/2.0.1.RELEASE/spring-cloud-starter-openfeign-2.0.1.RELEASE.jar:/Users/joker/.m2/repository/org/springframework/cloud/spring-cloud-starter/2.0.1.RELEASE/spring-cloud-starter-2.0.1.RELEASE.jar:/Users/joker/.m2/repository/org/springframework/cloud/spring-cloud-context/2.0.1.RELEASE/spring-cloud-context-2.0.1.RELEASE.jar:/Users/joker/.m2/repository/org/springframework/security/spring-security-rsa/1.0.5.RELEASE/spring-security-rsa-1.0.5.RELEASE.jar:/Users/joker/.m2/repository/org/bouncycastle/bcpkix-jdk15on/1.56/bcpkix-jdk15on-1.56.jar:/Users/joker/.m2/repository/org/bouncycastle/bcprov-jdk15on/1.56/bcprov-jdk15on-1.56.jar:/Users/joker/.m2/repository/org/springframework/cloud/spring-cloud-openfeign-core/2.0.1.RELEASE/spring-cloud-openfeign-core-2.0.1.RELEASE.jar:/Users/joker/.m2/repository/org/springframework/boot/spring-boot-autoconfigure/2.0.4.RELEASE/spring-boot-autoconfigure-2.0.4.RELEASE.jar:/Users/joker/.m2/repository/org/springframework/cloud/spring-cloud-netflix-ribbon/2.0.1.RELEASE/spring-cloud-netflix-ribbon-2.0.1.RELEASE.jar:/Users/joker/.m2/repository/org/springframework/cloud/spring-cloud-netflix-archaius/2.0.1.RELEASE/spring-cloud-netflix-archaius-2.0.1.RELEASE.jar:/Users/joker/.m2/repository/org/springframework/boot/spring-boot-starter-aop/2.0.4.RELEASE/spring-boot-starter-aop-2.0.4.RELEASE.jar:/Users/joker/.m2/repository/org/aspectj/aspectjweaver/1.8.13/aspectjweaver-1.8.13.jar:/Users/joker/.m2/repository/org/springframework/spring-web/5.0.8.RELEASE/spring-web-5.0.8.RELEASE.jar:/Users/joker/.m2/repository/org/springframework/cloud/spring-cloud-commons/2.0.1.RELEASE/spring-cloud-commons-2.0.1.RELEASE.jar:/Users/joker/.m2/repository/org/springframework/security/spring-security-crypto/5.0.7.RELEASE/spring-security-crypto-5.0.7.RELEASE.jar:/Users/joker/.m2/repository/io/github/openfeign/feign-slf4j/9.5.1/feign-slf4j-9.5.1.jar:/Users/joker/.m2/repository/io/github/openfeign/feign-hystrix/9.5.1/feign-hystrix-9.5.1.jar:/Users/joker/.m2/repository/io/github/openfeign/feign-java8/9.5.1/feign-java8-9.5.1.jar:/Users/joker/.m2/repository/org/springframework/boot/spring-boot-starter-test/2.0.4.RELEASE/spring-boot-starter-test-2.0.4.RELEASE.jar:/Users/joker/.m2/repository/org/springframework/boot/spring-boot-starter/2.0.4.RELEASE/spring-boot-starter-2.0.4.RELEASE.jar:/Users/joker/.m2/repository/org/springframework/boot/spring-boot-starter-logging/2.0.4.RELEASE/spring-boot-starter-logging-2.0.4.RELEASE.jar:/Users/joker/.m2/repository/ch/qos/logback/logback-classic/1.2.3/logback-classic-1.2.3.jar:/Users/joker/.m2/repository/ch/qos/logback/logback-core/1.2.3/logback-core-1.2.3.jar:/Users/joker/.m2/repository/org/apache/logging/log4j/log4j-to-slf4j/2.10.0/log4j-to-slf4j-2.10.0.jar:/Users/joker/.m2/repository/org/apache/logging/log4j/log4j-api/2.10.0/log4j-api-2.10.0.jar:/Users/joker/.m2/repository/org/slf4j/jul-to-slf4j/1.7.25/jul-to-slf4j-1.7.25.jar:/Users/joker/.m2/repository/javax/annotation/javax.annotation-api/1.3.2/javax.annotation-api-1.3.2.jar:/Users/joker/.m2/repository/org/yaml/snakeyaml/1.19/snakeyaml-1.19.jar:/Users/joker/.m2/repository/org/springframework/boot/spring-boot-test/2.0.4.RELEASE/spring-boot-test-2.0.4.RELEASE.jar:/Users/joker/.m2/repository/org/springframework/boot/spring-boot-test-autoconfigure/2.0.4.RELEASE/spring-boot-test-autoconfigure-2.0.4.RELEASE.jar:/Users/joker/.m2/repository/com/jayway/jsonpath/json-path/2.4.0/json-path-2.4.0.jar:/Users/joker/.m2/repository/net/minidev/json-smart/2.3/json-smart-2.3.jar:/Users/joker/.m2/repository/net/minidev/accessors-smart/1.2/accessors-smart-1.2.jar:/Users/joker/.m2/repository/org/ow2/asm/asm/5.0.4/asm-5.0.4.jar:/Users/joker/.m2/repository/org/assertj/assertj-core/3.9.1/assertj-core-3.9.1.jar:/Users/joker/.m2/repository/org/mockito/mockito-core/2.15.0/mockito-core-2.15.0.jar:/Users/joker/.m2/repository/net/bytebuddy/byte-buddy/1.7.11/byte-buddy-1.7.11.jar:/Users/joker/.m2/repository/net/bytebuddy/byte-buddy-agent/1.7.11/byte-buddy-agent-1.7.11.jar:/Users/joker/.m2/repository/org/objenesis/objenesis/2.6/objenesis-2.6.jar:/Users/joker/.m2/repository/org/hamcrest/hamcrest-core/1.3/hamcrest-core-1.3.jar:/Users/joker/.m2/repository/org/hamcrest/hamcrest-library/1.3/hamcrest-library-1.3.jar:/Users/joker/.m2/repository/org/skyscreamer/jsonassert/1.5.0/jsonassert-1.5.0.jar:/Users/joker/.m2/repository/com/vaadin/external/google/android-json/0.0.20131108.vaadin1/android-json-0.0.20131108.vaadin1.jar:/Users/joker/.m2/repository/org/springframework/spring-core/5.0.8.RELEASE/spring-core-5.0.8.RELEASE.jar:/Users/joker/.m2/repository/org/springframework/spring-jcl/5.0.8.RELEASE/spring-jcl-5.0.8.RELEASE.jar:/Users/joker/.m2/repository/org/springframework/spring-test/5.0.8.RELEASE/spring-test-5.0.8.RELEASE.jar:/Users/joker/.m2/repository/org/xmlunit/xmlunit-core/2.5.1/xmlunit-core-2.5.1.jar:/Users/joker/.m2/repository/org/projectlombok/lombok/1.18.0/lombok-1.18.0.jar:/Users/joker/.m2/repository/com/joker/library/0.0.2-SNAPSHOT/library-0.0.2-SNAPSHOT.jar:/Users/joker/.m2/repository/org/slf4j/slf4j-api/1.7.25/slf4j-api-1.7.25.jar:/Users/joker/.m2/repository/commons-net/commons-net/3.6/commons-net-3.6.jar:/Users/joker/.m2/repository/org/apache/commons/commons-lang3/3.7/commons-lang3-3.7.jar:/Users/joker/.m2/repository/com/sun/mail/javax.mail/1.6.1/javax.mail-1.6.1.jar:/Users/joker/.m2/repository/javax/activation/activation/1.1/activation-1.1.jar:/Users/joker/.m2/repository/javax/mail/mail/1.4.7/mail-1.4.7.jar:/Users/joker/.m2/repository/com/rabbitmq/amqp-client/5.1.2/amqp-client-5.1.2.jar:"/>
    <property name="https.proxyPort" value="49438"/>
    <property name="java.vm.vendor" value="Oracle Corporation"/>
    <property name="sun.arch.data.model" value="64"/>
    <property name="java.vendor.url" value="http://java.oracle.com/"/>
    <property name="user.timezone" value=""/>
    <property name="java.vm.specification.version" value="1.8"/>
    <property name="os.name" value="Mac OS X"/>
    <property name="user.country" value="CN"/>
    <property name="sun.java.launcher" value="SUN_STANDARD"/>
    <property name="sun.boot.library.path" value="/Library/Java/JavaVirtualMachines/jdk1.8.0_171.jdk/Contents/Home/jre/lib"/>
    <property name="sun.java.command" value="/Users/joker/Java/oxygen_workspace/tm-message/tm-message-common/target/surefire/surefirebooter1831948658366538918.jar /Users/joker/Java/oxygen_workspace/tm-message/tm-message-common/target/surefire 2018-09-06T18-32-36_313-jvmRun1 surefire2727182608391036112tmp surefire_04294550036367650589tmp"/>
    <property name="surefire.test.class.path" value="/Users/joker/Java/oxygen_workspace/tm-message/tm-message-common/target/test-classes:/Users/joker/Java/oxygen_workspace/tm-message/tm-message-common/target/classes:/Users/joker/.m2/repository/junit/junit/3.8.1/junit-3.8.1.jar:/Users/joker/.m2/repository/com/rebuildtmall/tmall-micro-common/0.0.1-SNAPSHOT/tmall-micro-common-0.0.1-SNAPSHOT.jar:/Users/joker/.m2/repository/com/fasterxml/jackson/core/jackson-core/2.9.6/jackson-core-2.9.6.jar:/Users/joker/.m2/repository/com/fasterxml/jackson/core/jackson-databind/2.9.6/jackson-databind-2.9.6.jar:/Users/joker/.m2/repository/com/fasterxml/jackson/core/jackson-annotations/2.9.0/jackson-annotations-2.9.0.jar:/Users/joker/.m2/repository/org/springframework/spring-context/5.0.8.RELEASE/spring-context-5.0.8.RELEASE.jar:/Users/joker/.m2/repository/org/springframework/spring-aop/5.0.8.RELEASE/spring-aop-5.0.8.RELEASE.jar:/Users/joker/.m2/repository/org/springframework/spring-beans/5.0.8.RELEASE/spring-beans-5.0.8.RELEASE.jar:/Users/joker/.m2/repository/org/springframework/spring-expression/5.0.8.RELEASE/spring-expression-5.0.8.RELEASE.jar:/Users/joker/.m2/repository/org/springframework/spring-webmvc/5.0.8.RELEASE/spring-webmvc-5.0.8.RELEASE.jar:/Users/joker/.m2/repository/io/github/openfeign/feign-core/9.5.1/feign-core-9.5.1.jar:/Users/joker/.m2/repository/com/netflix/hystrix/hystrix-core/1.5.12/hystrix-core-1.5.12.jar:/Users/joker/.m2/repository/com/netflix/archaius/archaius-core/0.7.6/archaius-core-0.7.6.jar:/Users/joker/.m2/repository/com/google/code/findbugs/jsr305/3.0.1/jsr305-3.0.1.jar:/Users/joker/.m2/repository/commons-configuration/commons-configuration/1.8/commons-configuration-1.8.jar:/Users/joker/.m2/repository/com/google/guava/guava/16.0/guava-16.0.jar:/Users/joker/.m2/repository/io/reactivex/rxjava/1.3.8/rxjava-1.3.8.jar:/Users/joker/.m2/repository/org/hdrhistogram/HdrHistogram/2.1.9/HdrHistogram-2.1.9.jar:/Users/joker/.m2/repository/org/springframework/boot/spring-boot/2.0.4.RELEASE/spring-boot-2.0.4.RELEASE.jar:/Users/joker/.m2/repository/io/jsonwebtoken/jjwt/0.9.1/jjwt-0.9.1.jar:/Users/joker/.m2/repository/com/google/code/gson/gson/2.8.5/gson-2.8.5.jar:/Users/joker/.m2/repository/org/springframework/amqp/spring-rabbit/2.0.5.RELEASE/spring-rabbit-2.0.5.RELEASE.jar:/Users/joker/.m2/repository/org/springframework/amqp/spring-amqp/2.0.5.RELEASE/spring-amqp-2.0.5.RELEASE.jar:/Users/joker/.m2/repository/org/springframework/spring-messaging/5.0.8.RELEASE/spring-messaging-5.0.8.RELEASE.jar:/Users/joker/.m2/repository/org/springframework/spring-tx/5.0.8.RELEASE/spring-tx-5.0.8.RELEASE.jar:/Users/joker/.m2/repository/org/springframework/retry/spring-retry/1.2.2.RELEASE/spring-retry-1.2.2.RELEASE.jar:/Users/joker/.m2/repository/net/sf/json-lib/json-lib/2.4/json-lib-2.4-jdk15.jar:/Users/joker/.m2/repository/commons-beanutils/commons-beanutils/1.8.0/commons-beanutils-1.8.0.jar:/Users/joker/.m2/repository/commons-collections/commons-collections/3.2.1/commons-collections-3.2.1.jar:/Users/joker/.m2/repository/commons-lang/commons-lang/2.5/commons-lang-2.5.jar:/Users/joker/.m2/repository/commons-logging/commons-logging/1.1.1/commons-logging-1.1.1.jar:/Users/joker/.m2/repository/net/sf/ezmorph/ezmorph/1.0.6/ezmorph-1.0.6.jar:/Users/joker/.m2/repository/log4j/log4j/1.2.17/log4j-1.2.17.jar:/Users/joker/.m2/repository/redis/clients/jedis/2.9.0/jedis-2.9.0.jar:/Users/joker/.m2/repository/org/apache/commons/commons-pool2/2.5.0/commons-pool2-2.5.0.jar:/Users/joker/.m2/repository/commons-io/commons-io/2.4/commons-io-2.4.jar:/Users/joker/.m2/repository/org/springframework/cloud/spring-cloud-starter-openfeign/2.0.1.RELEASE/spring-cloud-starter-openfeign-2.0.1.RELEASE.jar:/Users/joker/.m2/repository/org/springframework/cloud/spring-cloud-starter/2.0.1.RELEASE/spring-cloud-starter-2.0.1.RELEASE.jar:/Users/joker/.m2/repository/org/springframework/cloud/spring-cloud-context/2.0.1.RELEASE/spring-cloud-context-2.0.1.RELEASE.jar:/Users/joker/.m2/repository/org/springframework/security/spring-security-rsa/1.0.5.RELEASE/spring-security-rsa-1.0.5.RELEASE.jar:/Users/joker/.m2/repository/org/bouncycastle/bcpkix-jdk15on/1.56/bcpkix-jdk15on-1.56.jar:/Users/joker/.m2/repository/org/bouncycastle/bcprov-jdk15on/1.56/bcprov-jdk15on-1.56.jar:/Users/joker/.m2/repository/org/springframework/cloud/spring-cloud-openfeign-core/2.0.1.RELEASE/spring-cloud-openfeign-core-2.0.1.RELEASE.jar:/Users/joker/.m2/repository/org/springframework/boot/spring-boot-autoconfigure/2.0.4.RELEASE/spring-boot-autoconfigure-2.0.4.RELEASE.jar:/Users/joker/.m2/repository/org/springframework/cloud/spring-cloud-netflix-ribbon/2.0.1.RELEASE/spring-cloud-netflix-ribbon-2.0.1.RELEASE.jar:/Users/joker/.m2/repository/org/springframework/cloud/spring-cloud-netflix-archaius/2.0.1.RELEASE/spring-cloud-netflix-archaius-2.0.1.RELEASE.jar:/Users/joker/.m2/repository/org/springframework/boot/spring-boot-starter-aop/2.0.4.RELEASE/spring-boot-starter-aop-2.0.4.RELEASE.jar:/Users/joker/.m2/repository/org/aspectj/aspectjweaver/1.8.13/aspectjweaver-1.8.13.jar:/Users/joker/.m2/repository/org/springframework/spring-web/5.0.8.RELEASE/spring-web-5.0.8.RELEASE.jar:/Users/joker/.m2/repository/org/springframework/cloud/spring-cloud-commons/2.0.1.RELEASE/spring-cloud-commons-2.0.1.RELEASE.jar:/Users/joker/.m2/repository/org/springframework/security/spring-security-crypto/5.0.7.RELEASE/spring-security-crypto-5.0.7.RELEASE.jar:/Users/joker/.m2/repository/io/github/openfeign/feign-slf4j/9.5.1/feign-slf4j-9.5.1.jar:/Users/joker/.m2/repository/io/github/openfeign/feign-hystrix/9.5.1/feign-hystrix-9.5.1.jar:/Users/joker/.m2/repository/io/github/openfeign/feign-java8/9.5.1/feign-java8-9.5.1.jar:/Users/joker/.m2/repository/org/springframework/boot/spring-boot-starter-test/2.0.4.RELEASE/spring-boot-starter-test-2.0.4.RELEASE.jar:/Users/joker/.m2/repository/org/springframework/boot/spring-boot-starter/2.0.4.RELEASE/spring-boot-starter-2.0.4.RELEASE.jar:/Users/joker/.m2/repository/org/springframework/boot/spring-boot-starter-logging/2.0.4.RELEASE/spring-boot-starter-logging-2.0.4.RELEASE.jar:/Users/joker/.m2/repository/ch/qos/logback/logback-classic/1.2.3/logback-classic-1.2.3.jar:/Users/joker/.m2/repository/ch/qos/logback/logback-core/1.2.3/logback-core-1.2.3.jar:/Users/joker/.m2/repository/org/apache/logging/log4j/log4j-to-slf4j/2.10.0/log4j-to-slf4j-2.10.0.jar:/Users/joker/.m2/repository/org/apache/logging/log4j/log4j-api/2.10.0/log4j-api-2.10.0.jar:/Users/joker/.m2/repository/org/slf4j/jul-to-slf4j/1.7.25/jul-to-slf4j-1.7.25.jar:/Users/joker/.m2/repository/javax/annotation/javax.annotation-api/1.3.2/javax.annotation-api-1.3.2.jar:/Users/joker/.m2/repository/org/yaml/snakeyaml/1.19/snakeyaml-1.19.jar:/Users/joker/.m2/repository/org/springframework/boot/spring-boot-test/2.0.4.RELEASE/spring-boot-test-2.0.4.RELEASE.jar:/Users/joker/.m2/repository/org/springframework/boot/spring-boot-test-autoconfigure/2.0.4.RELEASE/spring-boot-test-autoconfigure-2.0.4.RELEASE.jar:/Users/joker/.m2/repository/com/jayway/jsonpath/json-path/2.4.0/json-path-2.4.0.jar:/Users/joker/.m2/repository/net/minidev/json-smart/2.3/json-smart-2.3.jar:/Users/joker/.m2/repository/net/minidev/accessors-smart/1.2/accessors-smart-1.2.jar:/Users/joker/.m2/repository/org/ow2/asm/asm/5.0.4/asm-5.0.4.jar:/Users/joker/.m2/repository/org/assertj/assertj-core/3.9.1/assertj-core-3.9.1.jar:/Users/joker/.m2/repository/org/mockito/mockito-core/2.15.0/mockito-core-2.15.0.jar:/Users/joker/.m2/repository/net/bytebuddy/byte-buddy/1.7.11/byte-buddy-1.7.11.jar:/Users/joker/.m2/repository/net/bytebuddy/byte-buddy-agent/1.7.11/byte-buddy-agent-1.7.11.jar:/Users/joker/.m2/repository/org/objenesis/objenesis/2.6/objenesis-2.6.jar:/Users/joker/.m2/repository/org/hamcrest/hamcrest-core/1.3/hamcrest-core-1.3.jar:/Users/joker/.m2/repository/org/hamcrest/hamcrest-library/1.3/hamcrest-library-1.3.jar:/Users/joker/.m2/repository/org/skyscreamer/jsonassert/1.5.0/jsonassert-1.5.0.jar:/Users/joker/.m2/repository/com/vaadin/external/google/android-json/0.0.20131108.vaadin1/android-json-0.0.20131108.vaadin1.jar:/Users/joker/.m2/repository/org/springframework/spring-core/5.0.8.RELEASE/spring-core-5.0.8.RELEASE.jar:/Users/joker/.m2/repository/org/springframework/spring-jcl/5.0.8.RELEASE/spring-jcl-5.0.8.RELEASE.jar:/Users/joker/.m2/repository/org/springframework/spring-test/5.0.8.RELEASE/spring-test-5.0.8.RELEASE.jar:/Users/joker/.m2/repository/org/xmlunit/xmlunit-core/2.5.1/xmlunit-core-2.5.1.jar:/Users/joker/.m2/repository/org/projectlombok/lombok/1.18.0/lombok-1.18.0.jar:/Users/joker/.m2/repository/com/joker/library/0.0.2-SNAPSHOT/library-0.0.2-SNAPSHOT.jar:/Users/joker/.m2/repository/org/slf4j/slf4j-api/1.7.25/slf4j-api-1.7.25.jar:/Users/joker/.m2/repository/commons-net/commons-net/3.6/commons-net-3.6.jar:/Users/joker/.m2/repository/org/apache/commons/commons-lang3/3.7/commons-lang3-3.7.jar:/Users/joker/.m2/repository/com/sun/mail/javax.mail/1.6.1/javax.mail-1.6.1.jar:/Users/joker/.m2/repository/javax/activation/activation/1.1/activation-1.1.jar:/Users/joker/.m2/repository/javax/mail/mail/1.4.7/mail-1.4.7.jar:/Users/joker/.m2/repository/com/rabbitmq/amqp-client/5.1.2/amqp-client-5.1.2.jar:"/>
    <property name="sun.cpu.endian" value="little"/>
    <property name="user.home" value="/Users/joker"/>
    <property name="user.language" value="zh"/>
    <property name="java.specification.vendor" value="Oracle Corporation"/>
    <property name="java.home" value="/Library/Java/JavaVirtualMachines/jdk1.8.0_171.jdk/Contents/Home/jre"/>
    <property name="basedir" value="/Users/joker/Java/oxygen_workspace/tm-message/tm-message-common"/>
    <property name="https.proxyHost" value="localhost"/>
    <property name="file.separator" value="/"/>
    <property name="line.separator" value="&#10;"/>
    <property name="java.vm.specification.vendor" value="Oracle Corporation"/>
    <property name="java.specification.name" value="Java Platform API Specification"/>
    <property name="java.awt.graphicsenv" value="sun.awt.CGraphicsEnvironment"/>
    <property name="surefire.real.class.path" value="/Users/joker/Java/oxygen_workspace/tm-message/tm-message-common/target/surefire/surefirebooter1831948658366538918.jar"/>
    <property name="sun.boot.class.path" value="/Library/Java/JavaVirtualMachines/jdk1.8.0_171.jdk/Contents/Home/jre/lib/resources.jar:/Library/Java/JavaVirtualMachines/jdk1.8.0_171.jdk/Contents/Home/jre/lib/rt.jar:/Library/Java/JavaVirtualMachines/jdk1.8.0_171.jdk/Contents/Home/jre/lib/sunrsasign.jar:/Library/Java/JavaVirtualMachines/jdk1.8.0_171.jdk/Contents/Home/jre/lib/jsse.jar:/Library/Java/JavaVirtualMachines/jdk1.8.0_171.jdk/Contents/Home/jre/lib/jce.jar:/Library/Java/JavaVirtualMachines/jdk1.8.0_171.jdk/Contents/Home/jre/lib/charsets.jar:/Library/Java/JavaVirtualMachines/jdk1.8.0_171.jdk/Contents/Home/jre/lib/jfr.jar:/Library/Java/JavaVirtualMachines/jdk1.8.0_171.jdk/Contents/Home/jre/classes"/>
    <property name="sun.management.compiler" value="HotSpot 64-Bit Tiered Compilers"/>
    <property name="java.runtime.version" value="1.8.0_171-b11"/>
    <property name="user.name" value="joker"/>
    <property name="path.separator" value=":"/>
    <property name="os.version" value="10.13.4"/>
    <property name="java.endorsed.dirs" value="/Library/Java/JavaVirtualMachines/jdk1.8.0_171.jdk/Contents/Home/jre/lib/endorsed"/>
    <property name="java.runtime.name" value="Java(TM) SE Runtime Environment"/>
    <property name="file.encoding" value="UTF-8"/>
    <property name="java.vm.name" value="Java HotSpot(TM) 64-Bit Server VM"/>
    <property name="localRepository" value="/Users/joker/.m2/repository"/>
    <property name="java.vendor.url.bug" value="http://bugreport.sun.com/bugreport/"/>
    <property name="java.io.tmpdir" value="/var/folders/dn/7154dtvn6hsd1g__t9zng7nm0000gn/T/"/>
    <property name="java.version" value="1.8.0_171"/>
    <property name="user.dir" value="/Users/joker/Java/oxygen_workspace/tm-message/tm-message-common"/>
    <property name="os.arch" value="x86_64"/>
    <property name="java.vm.specification.name" value="Java Virtual Machine Specification"/>
    <property name="java.awt.printerjob" value="sun.lwawt.macosx.CPrinterJob"/>
    <property name="sun.os.patch.level" value="unknown"/>
    <property name="java.library.path" value="/Users/joker/Library/Java/Extensions:/Library/Java/Extensions:/Network/Library/Java/Extensions:/System/Library/Java/Extensions:/usr/lib/java:."/>
    <property name="java.vm.info" value="mixed mode"/>
    <property name="java.vendor" value="Oracle Corporation"/>
    <property name="java.vm.version" value="25.171-b11"/>
    <property name="java.ext.dirs" value="/Users/joker/Library/Java/Extensions:/Library/Java/JavaVirtualMachines/jdk1.8.0_171.jdk/Contents/Home/jre/lib/ext:/Library/Java/Extensions:/Network/Library/Java/Extensions:/System/Library/Java/Extensions:/usr/lib/java"/>
    <property name="sun.io.unicode.encoding" value="UnicodeBig"/>
    <property name="java.class.version" value="52.0"/>
    <property name="http.proxyPort" value="49438"/>
  </properties>
  <testcase name="testApp" classname="org.tm.message.common.AppTest" time="0.001"/>
</testsuite>